{"timestamp": "2025-08-16T12:52:08.985664", "level": "ERROR", "logger": "github_code_review.cli", "message": "Analysis failed: 'GitHubClient' object has no attribute 'setup'", "module": "run", "function": "analyze_repository", "line": 101}
{"timestamp": "2025-08-16T12:54:34.831660", "level": "INFO", "logger": "github_code_review.analyzer", "message": "Starting repository analysis: demo-repository", "module": "analyzer", "function": "analyze_repository", "line": 174}
{"timestamp": "2025-08-16T12:54:35.375869", "level": "INFO", "logger": "github_code_review.analyzer", "message": "Found 3 total files, 2 analyzable", "module": "analyzer", "function": "analyze_repository", "line": 184}
{"timestamp": "2025-08-16T12:54:36.218766", "level": "INFO", "logger": "github_code_review.analyzer", "message": "Repository analysis completed in 1.39s", "module": "analyzer", "function": "analyze_repository", "line": 226}
{"timestamp": "2025-08-16T12:56:04.787190", "level": "ERROR", "logger": "github_code_review.cli", "message": "Analysis failed: 'RateLimitOverview' object has no attribute 'core'", "module": "run", "function": "analyze_repository", "line": 101}
{"timestamp": "2025-08-16T12:57:43.409566", "level": "INFO", "logger": "github_code_review.cli", "message": "Analyzing repository: 01abhi01/MovieRecommend", "module": "run", "function": "analyze_repository", "line": 67}
{"timestamp": "2025-08-16T12:57:43.411535", "level": "ERROR", "logger": "github_code_review.cli", "message": "Analysis failed: 'RepositoryManager' object has no attribute 'clone_repository'", "module": "run", "function": "analyze_repository", "line": 101}
{"timestamp": "2025-08-16T13:00:00.466207", "level": "INFO", "logger": "github_code_review.cli", "message": "Analyzing repository: 01abhi01/MovieRecommend", "module": "run", "function": "analyze_repository", "line": 67}
{"timestamp": "2025-08-16T13:00:00.470760", "level": "ERROR", "logger": "github_code_review.cli", "message": "Analysis failed: Repository clone failed: 'Config' object has no attribute 'get_repository_info'", "module": "run", "function": "analyze_repository", "line": 101}
{"timestamp": "2025-08-16T13:00:24.864067", "level": "INFO", "logger": "github_code_review.cli", "message": "Analyzing repository: 01abhi01/MovieRecommend", "module": "run", "function": "analyze_repository", "line": 67}
{"timestamp": "2025-08-16T13:00:29.907690", "level": "INFO", "logger": "github_code_review.analyzer", "message": "Starting repository analysis: 01abhi01/MovieRecommend", "module": "analyzer", "function": "analyze_repository", "line": 174}
{"timestamp": "2025-08-16T13:00:30.312906", "level": "INFO", "logger": "github_code_review.analyzer", "message": "Found 16 total files, 9 analyzable", "module": "analyzer", "function": "analyze_repository", "line": 184}
{"timestamp": "2025-08-16T13:00:41.888069", "level": "INFO", "logger": "github_code_review.analyzer", "message": "Repository analysis completed in 11.98s", "module": "analyzer", "function": "analyze_repository", "line": 226}
{"timestamp": "2025-08-16T13:03:07.885224", "level": "INFO", "logger": "github_code_review.cli", "message": "Analyzing repository: 01abhi01/MovieRecommend", "module": "run", "function": "analyze_repository", "line": 67}
{"timestamp": "2025-08-16T13:03:10.733874", "level": "INFO", "logger": "github_code_review.analyzer", "message": "Starting repository analysis: 01abhi01/MovieRecommend", "module": "analyzer", "function": "analyze_repository", "line": 174}
{"timestamp": "2025-08-16T13:03:10.844300", "level": "INFO", "logger": "github_code_review.analyzer", "message": "Found 16 total files, 9 analyzable", "module": "analyzer", "function": "analyze_repository", "line": 184}
{"timestamp": "2025-08-16T13:03:17.874257", "level": "INFO", "logger": "github_code_review.analyzer", "message": "Repository analysis completed in 7.14s", "module": "analyzer", "function": "analyze_repository", "line": 226}
{"timestamp": "2025-08-16T13:03:33.089409", "level": "INFO", "logger": "github_code_review.cli", "message": "Analyzing repository: 01abhi01/todo-app", "module": "run", "function": "analyze_repository", "line": 67}
{"timestamp": "2025-08-16T13:03:33.436704", "level": "ERROR", "logger": "github_code_review.cli", "message": "Analysis failed: Repository clone failed: 404 {\"message\": \"Not Found\", \"documentation_url\": \"https://docs.github.com/rest/repos/repos#get-a-repository\", \"status\": \"404\"}", "module": "run", "function": "analyze_repository", "line": 101}
{"timestamp": "2025-08-16T13:04:22.189461", "level": "INFO", "logger": "github_code_review.cli", "message": "Analyzing repository: 01abhi01/MovieRecommend", "module": "run", "function": "analyze_repository", "line": 67}
{"timestamp": "2025-08-16T13:04:25.094596", "level": "INFO", "logger": "github_code_review.analyzer", "message": "Starting repository analysis: 01abhi01/MovieRecommend", "module": "analyzer", "function": "analyze_repository", "line": 174}
{"timestamp": "2025-08-16T13:04:25.194284", "level": "INFO", "logger": "github_code_review.analyzer", "message": "Found 16 total files, 9 analyzable", "module": "analyzer", "function": "analyze_repository", "line": 184}
{"timestamp": "2025-08-16T13:04:32.581871", "level": "INFO", "logger": "github_code_review.analyzer", "message": "Repository analysis completed in 7.49s", "module": "analyzer", "function": "analyze_repository", "line": 226}
